Sun Feb 16 16:45:01 2020: generate_static_index_html
Sun Feb 16 16:45:01 2020: generate_static_index_html
Sun Feb 16 16:50:01 2020: generate_static_index_html
Sun Feb 16 16:50:01 2020: generate_static_index_html
Sun Feb 16 16:55:02 2020: generate_static_index_html
Sun Feb 16 16:55:02 2020: generate_static_index_html
Sun Feb 16 17:00:01 2020: generate_static_index_html
Sun Feb 16 17:00:01 2020: generate_static_index_html
Sun Feb 16 17:05:01 2020: generate_static_index_html
Sun Feb 16 17:05:02 2020: generate_static_index_html
Sun Feb 16 17:10:02 2020: generate_static_index_html
Sun Feb 16 17:10:02 2020: generate_static_index_html
Sun Feb 16 17:15:02 2020: generate_static_index_html
Sun Feb 16 17:15:02 2020: generate_static_index_html
Sun Feb 16 17:20:01 2020: generate_static_index_html
Sun Feb 16 17:20:02 2020: generate_static_index_html
Sun Feb 16 17:25:01 2020: generate_static_index_html
Sun Feb 16 17:25:01 2020: generate_static_index_html
Sun Feb 16 17:30:02 2020: generate_static_index_html
Sun Feb 16 17:30:02 2020: generate_static_index_html
Sun Feb 16 17:35:03 2020: generate_static_index_html
Sun Feb 16 17:35:03 2020: generate_static_index_html
Sun Feb 16 17:40:03 2020: generate_static_index_html
Sun Feb 16 17:40:03 2020: generate_static_index_html
Sun Feb 16 17:45:03 2020: generate_static_index_html
Sun Feb 16 17:45:03 2020: generate_static_index_html
Sun Feb 16 17:50:02 2020: generate_static_index_html
Sun Feb 16 17:50:02 2020: generate_static_index_html
Sun Feb 16 17:55:01 2020: generate_static_index_html
Sun Feb 16 17:55:02 2020: generate_static_index_html
Sun Feb 16 18:00:02 2020: generate_static_index_html
Sun Feb 16 18:00:02 2020: generate_static_index_html
Sun Feb 16 18:05:02 2020: generate_static_index_html
Sun Feb 16 18:05:03 2020: generate_static_index_html
Sun Feb 16 18:10:02 2020: generate_static_index_html
Sun Feb 16 18:10:03 2020: generate_static_index_html
Sun Feb 16 18:15:01 2020: generate_static_index_html
Sun Feb 16 18:15:02 2020: generate_static_index_html
Sun Feb 16 18:20:02 2020: generate_static_index_html
Sun Feb 16 18:20:03 2020: generate_static_index_html
Sun Feb 16 18:25:01 2020: generate_static_index_html
Sun Feb 16 18:25:01 2020: generate_static_index_html
Sun Feb 16 18:30:02 2020: generate_static_index_html
Sun Feb 16 18:30:02 2020: generate_static_index_html
Sun Feb 16 18:35:03 2020: generate_static_index_html
Sun Feb 16 18:35:04 2020: generate_static_index_html
Sun Feb 16 18:40:02 2020: generate_static_index_html
Sun Feb 16 18:40:03 2020: generate_static_index_html
Sun Feb 16 18:45:04 2020: generate_static_index_html
Sun Feb 16 18:45:04 2020: generate_static_index_html
Sun Feb 16 18:50:01 2020: generate_static_index_html
Sun Feb 16 18:50:02 2020: generate_static_index_html
Sun Feb 16 18:55:02 2020: generate_static_index_html
Sun Feb 16 18:55:02 2020: generate_static_index_html
Sun Feb 16 19:00:02 2020: generate_static_index_html
Sun Feb 16 19:00:03 2020: generate_static_index_html
Sun Feb 16 19:05:02 2020: generate_static_index_html
Sun Feb 16 19:05:02 2020: generate_static_index_html
Sun Feb 16 19:10:03 2020: generate_static_index_html
Sun Feb 16 19:10:04 2020: generate_static_index_html
Sun Feb 16 19:50:01 2020: generate_static_index_html
Sun Feb 16 19:50:01 2020: generate_static_index_html
Sun Feb 16 19:55:02 2020: generate_static_index_html
Sun Feb 16 19:55:02 2020: generate_static_index_html
Sun Feb 16 20:05:03 2020: generate_static_index_html
Sun Feb 16 20:05:04 2020: generate_static_index_html
Sun Feb 16 20:10:01 2020: generate_static_index_html
Sun Feb 16 20:10:02 2020: generate_static_index_html
Sun Feb 16 20:15:03 2020: generate_static_index_html
Sun Feb 16 20:15:03 2020: generate_static_index_html
Sun Feb 16 20:20:01 2020: generate_static_index_html
Sun Feb 16 20:20:01 2020: generate_static_index_html
Sun Feb 16 20:25:01 2020: generate_static_index_html
Sun Feb 16 20:30:01 2020: generate_static_index_html
Mon Feb 17 16:35:03 2020: generate_static_index_html
Mon Feb 17 16:50:01 2020: generate_static_index_html
Mon Feb 17 16:55:01 2020: generate_static_index_html
Mon Feb 17 17:00:01 2020: generate_static_index_html
Mon Feb 17 17:05:02 2020: generate_static_index_html
Mon Feb 17 17:10:02 2020: generate_static_index_html
Mon Feb 17 17:15:02 2020: generate_static_index_html
Mon Feb 17 17:20:01 2020: generate_static_index_html
Mon Feb 17 17:25:02 2020: generate_static_index_html
Mon Feb 17 17:30:02 2020: generate_static_index_html
Mon Feb 17 17:35:01 2020: generate_static_index_html
Mon Feb 17 17:40:01 2020: generate_static_index_html
Mon Feb 17 17:45:01 2020: generate_static_index_html
Mon Feb 17 17:50:01 2020: generate_static_index_html
Mon Feb 17 17:55:01 2020: generate_static_index_html
Mon Feb 17 18:00:01 2020: generate_static_index_html
Mon Feb 17 18:05:02 2020: generate_static_index_html
Mon Feb 17 18:10:01 2020: generate_static_index_html
Mon Feb 17 18:15:01 2020: generate_static_index_html
Mon Feb 17 18:20:01 2020: generate_static_index_html
Mon Feb 17 18:25:01 2020: generate_static_index_html
Mon Feb 17 18:30:02 2020: generate_static_index_html
Mon Feb 17 18:35:02 2020: generate_static_index_html
Mon Feb 17 18:40:03 2020: generate_static_index_html
Mon Feb 17 18:45:02 2020: generate_static_index_html
Mon Feb 17 18:50:02 2020: generate_static_index_html
Mon Feb 17 18:55:01 2020: generate_static_index_html
Mon Feb 17 20:05:51 2020: generate_static_index_html
Tue Feb 18 15:50:10 2020: generate_static_index_html
Tue Feb 18 15:55:02 2020: generate_static_index_html
Tue Feb 18 16:00:02 2020: generate_static_index_html
Tue Feb 18 16:05:01 2020: generate_static_index_html
Tue Feb 18 16:10:02 2020: generate_static_index_html
Tue Feb 18 16:15:01 2020: generate_static_index_html
Tue Feb 18 16:20:02 2020: generate_static_index_html
Tue Feb 18 16:25:01 2020: generate_static_index_html
Tue Feb 18 16:30:02 2020: generate_static_index_html
Tue Feb 18 16:35:02 2020: generate_static_index_html
Tue Feb 18 16:40:02 2020: generate_static_index_html
Tue Feb 18 16:45:01 2020: generate_static_index_html
Tue Feb 18 16:50:01 2020: generate_static_index_html
Tue Feb 18 16:55:01 2020: generate_static_index_html
Tue Feb 18 17:00:01 2020: generate_static_index_html
Tue Feb 18 17:05:02 2020: generate_static_index_html
Tue Feb 18 17:10:01 2020: generate_static_index_html
Tue Feb 18 17:15:01 2020: generate_static_index_html
Tue Feb 18 17:20:01 2020: generate_static_index_html
Tue Feb 18 17:25:01 2020: generate_static_index_html
Tue Feb 18 17:30:01 2020: generate_static_index_html
Tue Feb 18 17:35:02 2020: generate_static_index_html
Tue Feb 18 17:40:02 2020: generate_static_index_html
Tue Feb 18 17:45:01 2020: generate_static_index_html
Tue Feb 18 17:50:01 2020: generate_static_index_html
Tue Feb 18 17:55:01 2020: generate_static_index_html
Tue Feb 18 18:00:02 2020: generate_static_index_html
Tue Feb 18 18:05:01 2020: generate_static_index_html
Tue Feb 18 18:10:02 2020: generate_static_index_html
Tue Feb 18 18:15:01 2020: generate_static_index_html
Tue Feb 18 18:20:02 2020: generate_static_index_html
Tue Feb 18 18:25:01 2020: generate_static_index_html
Tue Feb 18 18:30:02 2020: generate_static_index_html
Tue Feb 18 18:35:02 2020: generate_static_index_html
Tue Feb 18 18:40:02 2020: generate_static_index_html
Tue Feb 18 18:45:01 2020: generate_static_index_html
Tue Feb 18 18:50:01 2020: generate_static_index_html
Tue Feb 18 18:55:02 2020: generate_static_index_html
Tue Feb 18 19:00:02 2020: generate_static_index_html
Tue Feb 18 19:05:02 2020: generate_static_index_html
Tue Feb 18 19:10:01 2020: generate_static_index_html
Tue Feb 18 19:15:01 2020: generate_static_index_html
Tue Feb 18 19:20:02 2020: generate_static_index_html
Tue Feb 18 19:25:01 2020: generate_static_index_html
Tue Feb 18 19:30:01 2020: generate_static_index_html
Tue Feb 18 19:35:01 2020: generate_static_index_html
Tue Feb 18 19:40:02 2020: generate_static_index_html
Tue Feb 18 19:45:01 2020: generate_static_index_html
Tue Feb 18 19:50:02 2020: generate_static_index_html
Tue Feb 18 20:15:02 2020: generate_static_index_html
Tue Feb 18 20:20:02 2020: generate_static_index_html
Tue Feb 18 20:25:02 2020: generate_static_index_html
Tue Feb 18 20:30:01 2020: generate_static_index_html
Tue Feb 18 20:35:02 2020: generate_static_index_html
Tue Feb 18 20:40:02 2020: generate_static_index_html
Tue Feb 18 20:45:02 2020: generate_static_index_html
Tue Feb 18 20:50:03 2020: generate_static_index_html
Tue Feb 18 20:55:01 2020: generate_static_index_html
Tue Feb 18 21:00:01 2020: generate_static_index_html
Tue Feb 18 21:05:02 2020: generate_static_index_html
Tue Feb 18 21:10:03 2020: generate_static_index_html
Tue Feb 18 21:15:03 2020: generate_static_index_html
Tue Feb 18 21:20:02 2020: generate_static_index_html
Tue Feb 18 21:25:01 2020: generate_static_index_html
Wed Feb 19 15:15:05 2020: generate_static_index_html
Wed Feb 19 15:20:01 2020: generate_static_index_html
Wed Feb 19 15:25:02 2020: generate_static_index_html
Wed Feb 19 15:30:02 2020: generate_static_index_html
Wed Feb 19 15:35:02 2020: generate_static_index_html
Wed Feb 19 15:40:02 2020: generate_static_index_html
Wed Feb 19 15:45:02 2020: generate_static_index_html
Wed Feb 19 15:50:02 2020: generate_static_index_html
Wed Feb 19 15:55:02 2020: generate_static_index_html
Wed Feb 19 16:00:01 2020: generate_static_index_html
Wed Feb 19 16:05:01 2020: generate_static_index_html
Wed Feb 19 16:10:01 2020: generate_static_index_html
Wed Feb 19 16:15:01 2020: generate_static_index_html
Wed Feb 19 16:20:01 2020: generate_static_index_html
Wed Feb 19 16:25:01 2020: generate_static_index_html
Wed Feb 19 16:30:01 2020: generate_static_index_html
Wed Feb 19 16:35:01 2020: generate_static_index_html
Wed Feb 19 16:40:01 2020: generate_static_index_html
Wed Feb 19 16:45:01 2020: generate_static_index_html
Wed Feb 19 16:50:03 2020: generate_static_index_html
Wed Feb 19 16:55:01 2020: generate_static_index_html
Wed Feb 19 17:00:01 2020: generate_static_index_html
Wed Feb 19 17:05:02 2020: generate_static_index_html
Wed Feb 19 17:10:01 2020: generate_static_index_html
Wed Feb 19 17:15:02 2020: generate_static_index_html
Wed Feb 19 17:20:01 2020: generate_static_index_html
Wed Feb 19 17:25:01 2020: generate_static_index_html
Wed Feb 19 17:30:01 2020: generate_static_index_html
Wed Feb 19 17:35:01 2020: generate_static_index_html
Wed Feb 19 17:40:01 2020: generate_static_index_html
Wed Feb 19 17:45:01 2020: generate_static_index_html
Wed Feb 19 17:50:02 2020: generate_static_index_html
Wed Feb 19 17:55:01 2020: generate_static_index_html
Wed Feb 19 18:00:02 2020: generate_static_index_html
Wed Feb 19 18:05:02 2020: generate_static_index_html
Wed Feb 19 18:10:02 2020: generate_static_index_html
Wed Feb 19 18:15:02 2020: generate_static_index_html
Wed Feb 19 18:20:03 2020: generate_static_index_html
Wed Feb 19 18:25:03 2020: generate_static_index_html
Wed Feb 19 18:30:03 2020: generate_static_index_html
Wed Feb 19 18:35:03 2020: generate_static_index_html
Wed Feb 19 18:40:02 2020: generate_static_index_html
Wed Feb 19 18:45:02 2020: generate_static_index_html
Wed Feb 19 18:50:01 2020: generate_static_index_html
Wed Feb 19 18:55:01 2020: generate_static_index_html
Wed Feb 19 19:00:01 2020: generate_static_index_html
Wed Feb 19 19:05:02 2020: generate_static_index_html
Wed Feb 19 19:10:02 2020: generate_static_index_html
Wed Feb 19 19:15:01 2020: generate_static_index_html
Wed Feb 19 19:20:02 2020: generate_static_index_html
Wed Feb 19 19:25:02 2020: generate_static_index_html
Wed Feb 19 19:30:01 2020: generate_static_index_html
Wed Feb 19 19:35:01 2020: generate_static_index_html
Wed Feb 19 19:40:02 2020: generate_static_index_html
Wed Feb 19 19:45:02 2020: generate_static_index_html
Wed Feb 19 19:50:01 2020: generate_static_index_html
Wed Feb 19 19:55:01 2020: generate_static_index_html
Wed Feb 19 20:00:04 2020: generate_static_index_html
Wed Feb 19 20:05:03 2020: generate_static_index_html
Wed Feb 19 21:45:22 2020: generate_static_index_html
Wed Feb 19 21:50:01 2020: generate_static_index_html
Wed Feb 19 21:55:01 2020: generate_static_index_html
Wed Feb 19 22:00:02 2020: generate_static_index_html
Wed Feb 19 22:05:02 2020: generate_static_index_html
Wed Feb 19 22:10:02 2020: generate_static_index_html
Wed Feb 19 22:15:01 2020: generate_static_index_html
Wed Feb 19 22:20:02 2020: generate_static_index_html
Wed Feb 19 22:25:01 2020: generate_static_index_html
Wed Feb 19 22:30:02 2020: generate_static_index_html
Wed Feb 19 22:35:01 2020: generate_static_index_html
Wed Feb 19 22:40:02 2020: generate_static_index_html
Wed Feb 19 22:45:01 2020: generate_static_index_html
Wed Feb 19 22:50:01 2020: generate_static_index_html
Wed Feb 19 22:55:01 2020: generate_static_index_html
Wed Feb 19 23:00:01 2020: generate_static_index_html
Wed Feb 19 23:05:01 2020: generate_static_index_html
Thu Feb 20 15:25:03 2020: generate_static_index_html
Thu Feb 20 15:30:02 2020: generate_static_index_html
Thu Feb 20 16:35:02 2020: generate_static_index_html
Thu Feb 20 16:40:02 2020: generate_static_index_html
Thu Feb 20 16:45:02 2020: generate_static_index_html
Thu Feb 20 16:50:02 2020: generate_static_index_html
Thu Feb 20 16:55:01 2020: generate_static_index_html
Thu Feb 20 17:00:02 2020: generate_static_index_html
Thu Feb 20 17:05:02 2020: generate_static_index_html
Thu Feb 20 17:10:02 2020: generate_static_index_html
Thu Feb 20 17:15:01 2020: generate_static_index_html
Thu Feb 20 17:20:02 2020: generate_static_index_html
Thu Feb 20 17:25:02 2020: generate_static_index_html
Thu Feb 20 17:30:02 2020: generate_static_index_html
Thu Feb 20 17:35:01 2020: generate_static_index_html
Thu Feb 20 17:40:01 2020: generate_static_index_html
Thu Feb 20 17:45:02 2020: generate_static_index_html
Thu Feb 20 17:50:01 2020: generate_static_index_html
Thu Feb 20 17:55:02 2020: generate_static_index_html
Thu Feb 20 18:00:01 2020: generate_static_index_html
Thu Feb 20 18:05:01 2020: generate_static_index_html
Thu Feb 20 18:10:01 2020: generate_static_index_html
Thu Feb 20 18:20:02 2020: generate_static_index_html
Thu Feb 20 18:25:02 2020: generate_static_index_html
Thu Feb 20 18:30:02 2020: generate_static_index_html
Thu Feb 20 18:55:01 2020: generate_static_index_html
Thu Feb 20 19:00:01 2020: generate_static_index_html
Thu Feb 20 19:05:01 2020: generate_static_index_html
Thu Feb 20 19:20:01 2020: generate_static_index_html
Thu Feb 20 19:50:01 2020: generate_static_index_html
Thu Feb 20 19:55:01 2020: generate_static_index_html
Thu Feb 20 20:00:01 2020: generate_static_index_html
Thu Feb 20 20:05:02 2020: generate_static_index_html
Thu Feb 20 20:10:01 2020: generate_static_index_html
Fri Feb 21 14:50:04 2020: generate_static_index_html
Fri Feb 21 14:55:02 2020: generate_static_index_html
Fri Feb 21 15:00:02 2020: generate_static_index_html
Fri Feb 21 15:05:02 2020: generate_static_index_html
Fri Feb 21 15:10:01 2020: generate_static_index_html
Fri Feb 21 15:15:02 2020: generate_static_index_html
Fri Feb 21 15:20:01 2020: generate_static_index_html
Fri Feb 21 15:25:02 2020: generate_static_index_html
Fri Feb 21 15:30:02 2020: generate_static_index_html
Fri Feb 21 15:35:02 2020: generate_static_index_html
Fri Feb 21 15:40:02 2020: generate_static_index_html
Fri Feb 21 15:45:02 2020: generate_static_index_html
Fri Feb 21 15:50:01 2020: generate_static_index_html
Fri Feb 21 15:55:02 2020: generate_static_index_html
Fri Feb 21 16:00:01 2020: generate_static_index_html
Fri Feb 21 16:05:02 2020: generate_static_index_html
Fri Feb 21 16:10:01 2020: generate_static_index_html
Fri Feb 21 16:15:02 2020: generate_static_index_html
Fri Feb 21 16:20:01 2020: generate_static_index_html
Fri Feb 21 16:25:02 2020: generate_static_index_html
Fri Feb 21 16:30:01 2020: generate_static_index_html
Fri Feb 21 16:35:02 2020: generate_static_index_html
Fri Feb 21 16:40:02 2020: generate_static_index_html
Fri Feb 21 16:50:01 2020: generate_static_index_html
Fri Feb 21 16:55:03 2020: generate_static_index_html
Fri Feb 21 17:00:01 2020: generate_static_index_html
Fri Feb 21 17:05:01 2020: generate_static_index_html
Fri Feb 21 17:10:02 2020: generate_static_index_html
Fri Feb 21 17:15:02 2020: generate_static_index_html
Fri Feb 21 17:20:01 2020: generate_static_index_html
Fri Feb 21 17:25:01 2020: generate_static_index_html
Fri Feb 21 17:30:01 2020: generate_static_index_html
Fri Feb 21 17:35:02 2020: generate_static_index_html
